{
  "stats": {
    "suites": 3,
    "tests": 5,
    "passes": 5,
    "pending": 0,
    "failures": 0,
    "start": "2021-04-03T05:15:31.108Z",
    "end": "2021-04-03T05:15:31.668Z",
    "duration": 560,
    "testsRegistered": 5,
    "passPercent": 100,
    "pendingPercent": 0,
    "other": 0,
    "hasOther": false,
    "skipped": 0,
    "hasSkipped": false
  },
  "results": [
    {
      "uuid": "e9f73c42-14fc-4b58-b6b7-cf099f9ad5ce",
      "title": "",
      "fullFile": "",
      "file": "",
      "beforeHooks": [],
      "afterHooks": [],
      "tests": [],
      "suites": [
        {
          "uuid": "6256a971-0227-4be8-a571-b49bfcf188ce",
          "title": "INSERT access_log",
          "fullFile": "/Users/rikhopratama/Documents/Latihan/bibit-test-code/2.ExpressJsServer/test/db_test.js",
          "file": "/test/db_test.js",
          "beforeHooks": [],
          "afterHooks": [],
          "tests": [
            {
              "title": "it should successfully insert 1 new row",
              "fullTitle": "INSERT access_log it should successfully insert 1 new row",
              "timedOut": false,
              "duration": 117,
              "state": "passed",
              "speed": "slow",
              "pass": true,
              "fail": false,
              "pending": false,
              "context": null,
              "code": "accessLog.insert({\n  endpoint: '/search',\n  params: 'MOCHA_UNIT_TESTING',\n  created_at: Date.now()\n}).then(res => {\n  expect(res.dataValues).to.be.an('object');\n  done();\n}).catch(err => {\n  done(err);\n})",
              "err": {},
              "uuid": "fa618f27-49b9-4e65-98e5-e10f0bc24bf8",
              "parentUUID": "6256a971-0227-4be8-a571-b49bfcf188ce",
              "isHook": false,
              "skipped": false
            }
          ],
          "suites": [],
          "passes": [
            "fa618f27-49b9-4e65-98e5-e10f0bc24bf8"
          ],
          "failures": [],
          "pending": [],
          "skipped": [],
          "duration": 117,
          "root": false,
          "rootEmpty": false,
          "_timeout": 2000
        },
        {
          "uuid": "02d75dd2-0eeb-4de5-bbf6-d75f30229fb7",
          "title": "GET /detail",
          "fullFile": "/Users/rikhopratama/Documents/Latihan/bibit-test-code/2.ExpressJsServer/test/detail_test.js",
          "file": "/test/detail_test.js",
          "beforeHooks": [],
          "afterHooks": [],
          "tests": [
            {
              "title": "it should success to return data of array",
              "fullTitle": "GET /detail it should success to return data of array",
              "timedOut": false,
              "duration": 207,
              "state": "passed",
              "speed": "slow",
              "pass": true,
              "fail": false,
              "pending": false,
              "context": null,
              "code": "chai.request(app)\n  .get('/detail')\n  .query({ s: 'Ant-man' })\n  .end((err, res) => {\n    if (err) done(err)\n    expect(res).to.have.status(200);\n    expect(res.body.status).to.be.true;\n    expect(res.body.data).to.be.an('object');\n    done();\n  })",
              "err": {},
              "uuid": "08563a21-98c6-4dce-8ab1-cbf90520cfd5",
              "parentUUID": "02d75dd2-0eeb-4de5-bbf6-d75f30229fb7",
              "isHook": false,
              "skipped": false
            },
            {
              "title": "it should send error 401 if query params is empty",
              "fullTitle": "GET /detail it should send error 401 if query params is empty",
              "timedOut": false,
              "duration": 3,
              "state": "passed",
              "speed": "fast",
              "pass": true,
              "fail": false,
              "pending": false,
              "context": null,
              "code": "chai.request(app)\n  .get('/detail')\n  .end((err, res) => {\n    if (err) done(err)\n    expect(res).to.have.status(401);\n    expect(res.body.status).to.be.false;\n    done()\n  })",
              "err": {},
              "uuid": "c476fce3-d523-4d57-8d53-0bccf25d9290",
              "parentUUID": "02d75dd2-0eeb-4de5-bbf6-d75f30229fb7",
              "isHook": false,
              "skipped": false
            }
          ],
          "suites": [],
          "passes": [
            "08563a21-98c6-4dce-8ab1-cbf90520cfd5",
            "c476fce3-d523-4d57-8d53-0bccf25d9290"
          ],
          "failures": [],
          "pending": [],
          "skipped": [],
          "duration": 210,
          "root": false,
          "rootEmpty": false,
          "_timeout": 2000
        },
        {
          "uuid": "12f5bd8e-01e5-40e8-8d64-f55e063b621d",
          "title": "GET /search",
          "fullFile": "/Users/rikhopratama/Documents/Latihan/bibit-test-code/2.ExpressJsServer/test/search_test.js",
          "file": "/test/search_test.js",
          "beforeHooks": [],
          "afterHooks": [],
          "tests": [
            {
              "title": "it should success to return data of array",
              "fullTitle": "GET /search it should success to return data of array",
              "timedOut": false,
              "duration": 203,
              "state": "passed",
              "speed": "slow",
              "pass": true,
              "fail": false,
              "pending": false,
              "context": null,
              "code": "chai.request(app)\n  .get('/search')\n  .query({ s: 'Avenger' })\n  .end((err, res) => {\n    if (err) done(err)\n    expect(res).to.have.status(200);\n    expect(res.body.status).to.be.true;\n    expect(res.body.data).to.be.an('array');\n    done();\n  })",
              "err": {},
              "uuid": "8b6fbae3-6c4b-4e0e-a478-97f7b036f863",
              "parentUUID": "12f5bd8e-01e5-40e8-8d64-f55e063b621d",
              "isHook": false,
              "skipped": false
            },
            {
              "title": "it should send error 401 if query params is empty",
              "fullTitle": "GET /search it should send error 401 if query params is empty",
              "timedOut": false,
              "duration": 2,
              "state": "passed",
              "speed": "fast",
              "pass": true,
              "fail": false,
              "pending": false,
              "context": null,
              "code": "chai.request(app)\n  .get('/search')\n  .end((err, res) => {\n    if (err) done(err)\n    expect(res).to.have.status(401);\n    expect(res.body.status).to.be.false;\n    done()\n  })",
              "err": {},
              "uuid": "54c6aa51-3d78-4063-a7f2-dc9ad5234279",
              "parentUUID": "12f5bd8e-01e5-40e8-8d64-f55e063b621d",
              "isHook": false,
              "skipped": false
            }
          ],
          "suites": [],
          "passes": [
            "8b6fbae3-6c4b-4e0e-a478-97f7b036f863",
            "54c6aa51-3d78-4063-a7f2-dc9ad5234279"
          ],
          "failures": [],
          "pending": [],
          "skipped": [],
          "duration": 205,
          "root": false,
          "rootEmpty": false,
          "_timeout": 2000
        }
      ],
      "passes": [],
      "failures": [],
      "pending": [],
      "skipped": [],
      "duration": 0,
      "root": true,
      "rootEmpty": true,
      "_timeout": 2000
    }
  ],
  "meta": {
    "mocha": {
      "version": "8.3.2"
    },
    "mochawesome": {
      "options": {
        "quiet": false,
        "reportFilename": "mochawesome",
        "saveHtml": true,
        "saveJson": true,
        "consoleReporter": "spec",
        "useInlineDiffs": false,
        "code": true
      },
      "version": "6.2.2"
    },
    "marge": {
      "options": null,
      "version": "5.2.0"
    }
  }
}